2026-05-25 23:20:47,877 [INFO] Activator:176 - 


2026-05-25 23:20:47,909 [INFO] Activator:177 - !SESSION log4j initialized
2026-05-25 23:21:15,834 [INFO] LogOutputStream:77 - [STDOUT_REDIRECT] 
2026-05-25 23:21:28,972 [INFO] ApplicationProperties:184 - Using Application install path: D:\Program Files\STM32CubeIDE_1.19.0\STM32CubeIDE\plugins\com.st.stm32cube.common.mx_6.15.0.202507011659
2026-05-25 23:21:29,072 [INFO] DbMcusXml:78 - Set database path to: D:\Program Files\STM32CubeIDE_1.19.0\STM32CubeIDE\plugins\com.st.stm32cube.common.mx_6.15.0.202507011659\\db\/mcu/
2026-05-25 23:21:29,073 [INFO] ApiDb:274 - Set plugin database path to: D:\Program Files\STM32CubeIDE_1.19.0\STM32CubeIDE\plugins\com.st.stm32cube.common.mx_6.15.0.202507011659\\db\/plugins/boardmanager/
2026-05-25 23:21:29,075 [WARN] ApiDb:259 - Overriding images path with different value:  => D:\Program Files\STM32CubeIDE_1.19.0\STM32CubeIDE\plugins\com.st.stm32cube.common.mx_6.15.0.202507011659\\db\/plugins/mcufinder/images/
2026-05-25 23:21:29,511 [INFO] ApiDb:250 - Set database path to: C:\Users\Prasad Mahabare\.stmcufinder\plugins\mcufinder//mcu/
2026-05-25 23:21:29,515 [INFO] DbMcusAds:125 - Set database path to: C:\Users\Prasad Mahabare\.stmcufinder\plugins\mcufinder//mcu/
2026-05-25 23:21:29,567 [INFO] CrossReferenceDbSqlite:203 - Set database path to: C:\Users\Prasad Mahabare\.stmcufinder\plugins\mcufinder//mcu/cs/
2026-05-25 23:21:30,252 [INFO] RulesReader:64 - Compatibility file has been processed (317 Rules)
2026-05-25 23:21:30,955 [INFO] DbMcusXml:78 - Set database path to: D:\Program Files\STM32CubeIDE_1.19.0\STM32CubeIDE\plugins\com.st.stm32cube.common.mx_6.15.0.202507011659\\db\/mcu/
2026-05-25 23:21:30,956 [INFO] ApiDb:274 - Set plugin database path to: D:\Program Files\STM32CubeIDE_1.19.0\STM32CubeIDE\plugins\com.st.stm32cube.common.mx_6.15.0.202507011659\\db\/plugins/boardmanager/
2026-05-25 23:21:30,956 [INFO] ApiDb:261 - Set plugin images path to: D:\Program Files\STM32CubeIDE_1.19.0\STM32CubeIDE\plugins\com.st.stm32cube.common.mx_6.15.0.202507011659\\db\/plugins/mcufinder/images/
2026-05-25 23:21:30,957 [WARN] DbFile:41 - Overriding database path with different value: C:\Users\Prasad Mahabare\.stmcufinder\plugins\mcufinder/ => C:\Users\Prasad Mahabare\.stmcufinder\plugins\mcufinder
2026-05-25 23:21:30,958 [INFO] ApiDb:250 - Set database path to: C:\Users\Prasad Mahabare\.stmcufinder\plugins\mcufinder//mcu/
2026-05-25 23:21:30,959 [WARN] DbFile:41 - Overriding database path with different value: C:\Users\Prasad Mahabare\.stmcufinder\plugins\mcufinder/ => C:\Users\Prasad Mahabare\.stmcufinder\plugins\mcufinder
2026-05-25 23:21:30,959 [INFO] DbMcusAds:125 - Set database path to: C:\Users\Prasad Mahabare\.stmcufinder\plugins\mcufinder//mcu/
2026-05-25 23:21:30,960 [WARN] DbFile:41 - Overriding database path with different value: C:\Users\Prasad Mahabare\.stmcufinder\plugins\mcufinder/ => C:\Users\Prasad Mahabare\.stmcufinder\plugins\mcufinder
2026-05-25 23:21:30,960 [WARN] DbFile:41 - Overriding database path with different value: C:\Users\Prasad Mahabare\.stmcufinder\plugins\mcufinder/ => C:\Users\Prasad Mahabare\.stmcufinder\plugins\mcufinder
2026-05-25 23:21:30,962 [INFO] CrossReferenceDbSqlite:203 - Set database path to: C:\Users\Prasad Mahabare\.stmcufinder\plugins\mcufinder//mcu/cs/
2026-05-25 23:21:31,379 [INFO] MainPanel:274 - HeapMemory: 268435456
2026-05-25 23:21:31,780 [INFO] DbMcusXml:78 - Set database path to: D:\Program Files\STM32CubeIDE_1.19.0\STM32CubeIDE\plugins\com.st.stm32cube.common.mx_6.15.0.202507011659\\db\/mcu/
2026-05-25 23:21:31,781 [INFO] ApiDb:274 - Set plugin database path to: D:\Program Files\STM32CubeIDE_1.19.0\STM32CubeIDE\plugins\com.st.stm32cube.common.mx_6.15.0.202507011659\\db\/plugins/boardmanager/
2026-05-25 23:21:31,781 [INFO] ApiDb:261 - Set plugin images path to: D:\Program Files\STM32CubeIDE_1.19.0\STM32CubeIDE\plugins\com.st.stm32cube.common.mx_6.15.0.202507011659\\db\/plugins/mcufinder/images/
2026-05-25 23:21:31,782 [WARN] DbFile:41 - Overriding database path with different value: C:\Users\Prasad Mahabare\.stmcufinder\plugins\mcufinder/ => C:\Users\Prasad Mahabare\.stmcufinder\plugins\mcufinder
2026-05-25 23:21:31,782 [INFO] ApiDb:250 - Set database path to: C:\Users\Prasad Mahabare\.stmcufinder\plugins\mcufinder//mcu/
2026-05-25 23:21:31,783 [WARN] DbFile:41 - Overriding database path with different value: C:\Users\Prasad Mahabare\.stmcufinder\plugins\mcufinder/ => C:\Users\Prasad Mahabare\.stmcufinder\plugins\mcufinder
2026-05-25 23:21:31,783 [INFO] DbMcusAds:125 - Set database path to: C:\Users\Prasad Mahabare\.stmcufinder\plugins\mcufinder//mcu/
2026-05-25 23:21:31,783 [WARN] DbFile:41 - Overriding database path with different value: C:\Users\Prasad Mahabare\.stmcufinder\plugins\mcufinder/ => C:\Users\Prasad Mahabare\.stmcufinder\plugins\mcufinder
2026-05-25 23:21:31,784 [WARN] DbFile:41 - Overriding database path with different value: C:\Users\Prasad Mahabare\.stmcufinder\plugins\mcufinder/ => C:\Users\Prasad Mahabare\.stmcufinder\plugins\mcufinder
2026-05-25 23:21:31,784 [INFO] CrossReferenceDbSqlite:203 - Set database path to: C:\Users\Prasad Mahabare\.stmcufinder\plugins\mcufinder//mcu/cs/
2026-05-25 23:21:31,941 [INFO] ApplicationProperties:184 - Using Application install path: D:\Program Files\STM32CubeIDE_1.19.0\STM32CubeIDE\plugins\com.st.stm32cube.common.mx_6.15.0.202507011659
2026-05-25 23:21:31,945 [INFO] PluginManage:196 - Search for loadable plugins [exclusion list=, ]
2026-05-25 23:21:31,950 [INFO] PluginManage:310 - Check plugin analytics
2026-05-25 23:21:32,733 [INFO] AnalyticsPlugin:253 - Accepted Software Licenses: 
2026-05-25 23:21:32,734 [INFO] AnalyticsPlugin:255 - Accepted CMSIS Pack Licenses: 
2026-05-25 23:21:32,735 [INFO] AnalyticsPlugin:257 - Accepted Firmware Licenses: FW.F4.1.28.0
2026-05-25 23:21:32,741 [INFO] PluginManage:359 - Loaded plugin analytics (category:tool,tabindex:-1)
2026-05-25 23:21:32,742 [INFO] PluginManage:310 - Check plugin cadmodel
2026-05-25 23:21:32,876 [INFO] CADModel:105 - Init CAD model plugin
2026-05-25 23:21:32,876 [INFO] PluginManage:359 - Loaded plugin cadmodel (category:power,tabindex:5)
2026-05-25 23:21:32,877 [INFO] PluginManage:310 - Check plugin clock
2026-05-25 23:21:33,019 [INFO] PluginManage:359 - Loaded plugin clock (category:base,tabindex:2)
2026-05-25 23:21:33,020 [INFO] PluginManage:310 - Check plugin ddr
2026-05-25 23:21:33,039 [INFO] PluginManage:359 - Loaded plugin ddr (category:tool,tabindex:6)
2026-05-25 23:21:33,040 [INFO] PluginManage:310 - Check plugin filemanager
2026-05-25 23:21:33,974 [INFO] PluginManage:359 - Loaded plugin filemanager (category:base,tabindex:10)
2026-05-25 23:21:33,975 [INFO] PluginManage:310 - Check plugin ipmanager
2026-05-25 23:21:34,020 [INFO] PluginManage:359 - Loaded plugin ipmanager (category:base,tabindex:5)
2026-05-25 23:21:34,020 [INFO] PluginManage:310 - Check plugin lpbam
2026-05-25 23:21:34,085 [INFO] PluginManage:359 - Loaded plugin lpbam (category:base,tabindex:0)
2026-05-25 23:21:34,085 [INFO] PluginManage:310 - Check plugin memorymap
2026-05-25 23:21:34,199 [INFO] PluginManage:359 - Loaded plugin memorymap (category:base,tabindex:4)
2026-05-25 23:21:34,199 [INFO] PluginManage:310 - Check plugin pinoutandconfiguration
2026-05-25 23:21:34,412 [INFO] PluginManage:359 - Loaded plugin pinoutandconfiguration (category:base,tabindex:1)
2026-05-25 23:21:34,413 [INFO] PluginManage:310 - Check plugin pinoutconfig
2026-05-25 23:21:34,885 [WARN] SupportedApi:132 - Cannot load RTOS API schema: s4s-elt-must-match.1: The content of 'definitions' must match (annotation?, (simpleType | complexType)?, (unique | key | keyref)*)). A problem was found starting at: attribute.
2026-05-25 23:21:35,396 [INFO] PluginManage:359 - Loaded plugin pinoutconfig (category:base,tabindex:0)
2026-05-25 23:21:35,397 [INFO] PluginManage:310 - Check plugin power
2026-05-25 23:21:35,509 [INFO] PluginManage:359 - Loaded plugin power (category:power,tabindex:4)
2026-05-25 23:21:35,510 [INFO] PluginManage:310 - Check plugin projectmanager
2026-05-25 23:21:35,571 [INFO] PluginManage:359 - Loaded plugin projectmanager (category:projectmanager,tabindex:4)
2026-05-25 23:21:35,571 [INFO] PluginManage:310 - Check plugin rif
2026-05-25 23:21:35,652 [INFO] PluginManage:359 - Loaded plugin rif (category:base,tabindex:3)
2026-05-25 23:21:35,652 [INFO] PluginManage:310 - Check plugin thirdparty
2026-05-25 23:21:37,184 [INFO] PluginManage:359 - Loaded plugin thirdparty (category:base,tabindex:-1)
2026-05-25 23:21:37,183 [WARN] IntegrityCheckThread:84 - waiting for thirdparty lock release [integrity check]
2026-05-25 23:21:37,184 [INFO] PluginManage:310 - Check plugin tools
2026-05-25 23:21:37,184 [INFO] IntegrityCheckThread:86 - entering critical section [integrity check]
2026-05-25 23:21:37,185 [INFO] ThirdPartyUpdaterWithRetryManager:70 - Updater plugin not ready yet. [1/15]
2026-05-25 23:21:37,320 [INFO] PluginManage:359 - Loaded plugin tools (category:base,tabindex:7)
2026-05-25 23:21:37,321 [INFO] PluginManage:310 - Check plugin tutovideos
2026-05-25 23:21:38,653 [INFO] PluginManage:359 - Loaded plugin tutovideos (category:base,tabindex:-1)
2026-05-25 23:21:38,654 [INFO] PluginManage:310 - Check plugin updater
2026-05-25 23:21:38,742 [INFO] PluginManage:359 - Loaded plugin updater (category:base,tabindex:12)
2026-05-25 23:21:38,742 [INFO] PluginManage:310 - Check plugin userauth
2026-05-25 23:21:38,768 [INFO] UserAuth:118 - Init User Auth plugin
2026-05-25 23:21:38,770 [INFO] PluginManage:359 - Loaded plugin userauth (category:base,tabindex:14)
2026-05-25 23:21:38,771 [INFO] PluginManage:283 - PluginManage : Loaded plugins [18]
2026-05-25 23:21:39,671 [INFO] PinOutPanel:1589 - setPackage(No Configuration,No Configuration)
2026-05-25 23:21:39,948 [INFO] CADModel:165 - CPN selected for project level
2026-05-25 23:21:39,949 [INFO] CADModel:114 - Register for checkConnection events
2026-05-25 23:21:40,114 [INFO] IPUIPlugin:80 - create IPUIPlugin
2026-05-25 23:21:40,115 [INFO] PluginManager:220 - loadIPPluginJar : add adc
2026-05-25 23:21:40,187 [INFO] ThirdPartyUpdaterWithRetryManager:70 - Updater plugin not ready yet. [2/15]
2026-05-25 23:21:40,396 [INFO] IPUIPlugin:80 - create IPUIPlugin
2026-05-25 23:21:40,397 [INFO] PluginManager:220 - loadIPPluginJar : add aes
2026-05-25 23:21:40,780 [INFO] IPUIPlugin:80 - create IPUIPlugin
2026-05-25 23:21:40,781 [INFO] PluginManager:220 - loadIPPluginJar : add can
2026-05-25 23:21:40,885 [INFO] IPUIPlugin:80 - create IPUIPlugin
2026-05-25 23:21:40,885 [INFO] PluginManager:220 - loadIPPluginJar : add comp
2026-05-25 23:21:41,061 [INFO] IPUIPlugin:80 - create IPUIPlugin
2026-05-25 23:21:41,062 [INFO] PluginManager:220 - loadIPPluginJar : add cryp
2026-05-25 23:21:41,148 [INFO] IPUIPlugin:80 - create IPUIPlugin
2026-05-25 23:21:41,148 [INFO] PluginManager:220 - loadIPPluginJar : add ddr_ctrl_phy
2026-05-25 23:21:41,379 [INFO] IPUIPlugin:80 - create IPUIPlugin
2026-05-25 23:21:41,380 [INFO] PluginManager:220 - loadIPPluginJar : add dfsdm
2026-05-25 23:21:41,460 [INFO] IPUIPlugin:80 - create IPUIPlugin
2026-05-25 23:21:41,461 [INFO] PluginManager:220 - loadIPPluginJar : add dma
2026-05-25 23:21:41,745 [INFO] IPUIPlugin:80 - create IPUIPlugin
2026-05-25 23:21:41,745 [INFO] PluginManager:220 - loadIPPluginJar : add dma3
2026-05-25 23:21:41,980 [INFO] IPUIPlugin:80 - create IPUIPlugin
2026-05-25 23:21:41,981 [INFO] PluginManager:220 - loadIPPluginJar : add extmemmanager
2026-05-25 23:21:42,084 [INFO] IPUIPlugin:80 - create IPUIPlugin
2026-05-25 23:21:42,085 [INFO] PluginManager:220 - loadIPPluginJar : add fatfs
2026-05-25 23:21:42,254 [INFO] IPUIPlugin:80 - create IPUIPlugin
2026-05-25 23:21:42,254 [INFO] PluginManager:220 - loadIPPluginJar : add fmc
2026-05-25 23:21:42,327 [INFO] IPUIPlugin:80 - create IPUIPlugin
2026-05-25 23:21:42,327 [INFO] PluginManager:220 - loadIPPluginJar : add freertos
2026-05-25 23:21:42,422 [INFO] IPUIPlugin:80 - create IPUIPlugin
2026-05-25 23:21:42,422 [INFO] PluginManager:220 - loadIPPluginJar : add genericplugin
2026-05-25 23:21:42,827 [INFO] IPUIPlugin:80 - create IPUIPlugin
2026-05-25 23:21:42,827 [INFO] PluginManager:220 - loadIPPluginJar : add gfxmmu
2026-05-25 23:21:43,188 [INFO] ThirdPartyUpdaterWithRetryManager:70 - Updater plugin not ready yet. [3/15]
2026-05-25 23:21:43,471 [INFO] IPUIPlugin:80 - create IPUIPlugin
2026-05-25 23:21:43,472 [INFO] PluginManager:220 - loadIPPluginJar : add gic
2026-05-25 23:21:43,550 [INFO] IPUIPlugin:80 - create IPUIPlugin
2026-05-25 23:21:43,551 [INFO] PluginManager:220 - loadIPPluginJar : add gpio
2026-05-25 23:21:44,077 [INFO] IPUIPlugin:80 - create IPUIPlugin
2026-05-25 23:21:44,078 [INFO] PluginManager:220 - loadIPPluginJar : add gtzc
2026-05-25 23:21:44,219 [INFO] IPUIPlugin:80 - create IPUIPlugin
2026-05-25 23:21:44,219 [INFO] PluginManager:220 - loadIPPluginJar : add hash
2026-05-25 23:21:44,378 [INFO] IPUIPlugin:80 - create IPUIPlugin
2026-05-25 23:21:44,379 [INFO] PluginManager:220 - loadIPPluginJar : add i2c
2026-05-25 23:21:44,498 [INFO] IPUIPlugin:80 - create IPUIPlugin
2026-05-25 23:21:44,498 [INFO] PluginManager:220 - loadIPPluginJar : add i2s
2026-05-25 23:21:44,621 [INFO] IPUIPlugin:80 - create IPUIPlugin
2026-05-25 23:21:44,622 [INFO] PluginManager:220 - loadIPPluginJar : add i3c
2026-05-25 23:21:45,005 [INFO] IPUIPlugin:80 - create IPUIPlugin
2026-05-25 23:21:45,006 [INFO] PluginManager:220 - loadIPPluginJar : add ipddr
2026-05-25 23:21:45,390 [INFO] IPUIPlugin:80 - create IPUIPlugin
2026-05-25 23:21:45,391 [INFO] PluginManager:220 - loadIPPluginJar : add linkedlist
2026-05-25 23:21:45,538 [INFO] IPUIPlugin:80 - create IPUIPlugin
2026-05-25 23:21:45,538 [INFO] PluginManager:220 - loadIPPluginJar : add lorawan
2026-05-25 23:21:45,691 [INFO] IPUIPlugin:80 - create IPUIPlugin
2026-05-25 23:21:45,691 [INFO] PluginManager:220 - loadIPPluginJar : add ltdc
2026-05-25 23:21:45,746 [INFO] IPUIPlugin:80 - create IPUIPlugin
2026-05-25 23:21:45,747 [INFO] PluginManager:220 - loadIPPluginJar : add mdma
2026-05-25 23:21:45,800 [INFO] IPUIPlugin:80 - create IPUIPlugin
2026-05-25 23:21:45,801 [INFO] PluginManager:220 - loadIPPluginJar : add nvic
2026-05-25 23:21:45,962 [INFO] IPUIPlugin:80 - create IPUIPlugin
2026-05-25 23:21:45,963 [INFO] PluginManager:220 - loadIPPluginJar : add opamp
2026-05-25 23:21:46,190 [INFO] ThirdPartyUpdaterWithRetryManager:70 - Updater plugin not ready yet. [4/15]
2026-05-25 23:21:46,283 [INFO] IPUIPlugin:80 - create IPUIPlugin
2026-05-25 23:21:46,283 [INFO] PluginManager:220 - loadIPPluginJar : add openamp
2026-05-25 23:21:46,477 [INFO] IPUIPlugin:80 - create IPUIPlugin
2026-05-25 23:21:46,477 [INFO] PluginManager:220 - loadIPPluginJar : add pdm2pcm
2026-05-25 23:21:46,551 [INFO] IPUIPlugin:80 - create IPUIPlugin
2026-05-25 23:21:46,558 [INFO] PluginManager:220 - loadIPPluginJar : add plateformsettings
2026-05-25 23:21:46,689 [INFO] IPUIPlugin:80 - create IPUIPlugin
2026-05-25 23:21:46,690 [INFO] PluginManager:220 - loadIPPluginJar : add quadspi
2026-05-25 23:21:46,889 [INFO] IPUIPlugin:80 - create IPUIPlugin
2026-05-25 23:21:46,892 [INFO] PluginManager:220 - loadIPPluginJar : add radio
2026-05-25 23:21:46,958 [INFO] IPUIPlugin:80 - create IPUIPlugin
2026-05-25 23:21:46,959 [INFO] PluginManager:220 - loadIPPluginJar : add resmgrutility
2026-05-25 23:21:47,120 [INFO] IPUIPlugin:80 - create IPUIPlugin
2026-05-25 23:21:47,121 [INFO] PluginManager:220 - loadIPPluginJar : add sai
2026-05-25 23:21:47,358 [INFO] IPUIPlugin:80 - create IPUIPlugin
2026-05-25 23:21:47,358 [INFO] PluginManager:220 - loadIPPluginJar : add spi
2026-05-25 23:21:47,776 [INFO] IPUIPlugin:80 - create IPUIPlugin
2026-05-25 23:21:47,777 [INFO] PluginManager:220 - loadIPPluginJar : add stm32_wpan
2026-05-25 23:21:47,851 [INFO] IPUIPlugin:80 - create IPUIPlugin
2026-05-25 23:21:47,852 [INFO] PluginManager:220 - loadIPPluginJar : add tim
2026-05-25 23:21:48,233 [INFO] IPUIPlugin:80 - create IPUIPlugin
2026-05-25 23:21:48,234 [INFO] PluginManager:220 - loadIPPluginJar : add touchsensing
2026-05-25 23:21:48,343 [INFO] IPUIPlugin:80 - create IPUIPlugin
2026-05-25 23:21:48,344 [INFO] PluginManager:220 - loadIPPluginJar : add tracer_emb
2026-05-25 23:21:48,421 [INFO] IPUIPlugin:80 - create IPUIPlugin
2026-05-25 23:21:48,422 [INFO] PluginManager:220 - loadIPPluginJar : add ts
2026-05-25 23:21:48,483 [INFO] IPUIPlugin:80 - create IPUIPlugin
2026-05-25 23:21:48,484 [INFO] PluginManager:220 - loadIPPluginJar : add tsc
2026-05-25 23:21:48,547 [INFO] IPUIPlugin:80 - create IPUIPlugin
2026-05-25 23:21:48,547 [INFO] PluginManager:220 - loadIPPluginJar : add ucpd
2026-05-25 23:21:48,808 [INFO] IPUIPlugin:80 - create IPUIPlugin
2026-05-25 23:21:48,808 [INFO] PluginManager:220 - loadIPPluginJar : add usart
2026-05-25 23:21:48,957 [INFO] IPUIPlugin:80 - create IPUIPlugin
2026-05-25 23:21:48,957 [INFO] PluginManager:220 - loadIPPluginJar : add usbx
2026-05-25 23:21:49,193 [INFO] ThirdPartyUpdaterWithRetryManager:70 - Updater plugin not ready yet. [5/15]
2026-05-25 23:21:49,387 [FATAL] Updater:351 - Updater called before beeing initialized
2026-05-25 23:21:49,496 [INFO] RulesReader:64 - Compatibility file has been processed (317 Rules)
2026-05-25 23:21:49,541 [INFO] RulesReader:64 - Compatibility file has been processed (317 Rules)
2026-05-25 23:21:49,564 [INFO] CADModel:165 - CPN selected for project level
2026-05-25 23:21:49,564 [INFO] CADModel:114 - Register for checkConnection events
2026-05-25 23:21:49,564 [FATAL] Updater:351 - Updater called before beeing initialized
2026-05-25 23:21:49,565 [ERROR] CADModel:125 - Updater not yet initialized, retry later 
2026-05-25 23:21:50,162 [FATAL] Updater:351 - Updater called before beeing initialized
2026-05-25 23:21:50,170 [INFO] CADModel:165 - CPN selected for project level
2026-05-25 23:21:50,170 [INFO] CADModel:114 - Register for checkConnection events
2026-05-25 23:21:50,171 [FATAL] Updater:351 - Updater called before beeing initialized
2026-05-25 23:21:50,171 [ERROR] CADModel:125 - Updater not yet initialized, retry later 
2026-05-25 23:21:50,182 [FATAL] Updater:351 - Updater called before beeing initialized
2026-05-25 23:21:50,640 [FATAL] Updater:351 - Updater called before beeing initialized
2026-05-25 23:21:50,694 [INFO] DbMcusAds:53 - JSON generation date=Mon Apr 27 13:44:29 IST 2026 (1777277669577)
2026-05-25 23:21:50,695 [FATAL] Updater:351 - Updater called before beeing initialized
2026-05-25 23:21:51,192 [WARN] DetailPanel:346 - Failed to get advertising image, set to default
2026-05-25 23:21:51,419 [FATAL] Updater:351 - Updater called before beeing initialized
2026-05-25 23:21:51,422 [FATAL] Updater:351 - Updater called before beeing initialized
2026-05-25 23:21:51,423 [FATAL] Updater:351 - Updater called before beeing initialized
2026-05-25 23:21:51,423 [WARN] DetailPanel:346 - Failed to get advertising image, set to default
2026-05-25 23:21:51,425 [FATAL] Updater:351 - Updater called before beeing initialized
2026-05-25 23:21:51,992 [ERROR] Updater:1198 - MainUpdater not yet initialized. External WinMGr cannot be set.
2026-05-25 23:21:52,049 [INFO] Updater:1134 - Updater Version found : 6.15.0
2026-05-25 23:21:52,116 [INFO] ApplicationProperties:184 - Using Application install path: D:\Program Files\STM32CubeIDE_1.19.0\STM32CubeIDE\plugins\com.st.stm32cube.common.mx_6.15.0.202507011659
2026-05-25 23:21:52,194 [FATAL] Updater:351 - Updater called before beeing initialized
2026-05-25 23:21:52,195 [ERROR] IntegrityCheckThread:130 - Cannot retrieve database content from updater: error 21
2026-05-25 23:21:52,196 [INFO] ThirdParty:978 - Integrity check success = false
2026-05-25 23:21:52,196 [INFO] IntegrityCheckThread:100 - exiting critical section [integrity check]
2026-05-25 23:21:52,197 [INFO] IntegrityCheckThread:103 - End integrity checks thread
2026-05-25 23:21:53,488 [INFO] MainUpdater:2872 - connection check result : 10
2026-05-25 23:21:53,489 [INFO] MainUpdater:3604 - Updater definition file requires update
2026-05-25 23:21:53,491 [INFO] MainUpdater:289 - Updater Check For Update Now.
2026-05-25 23:21:53,492 [INFO] MicroXplorer:498 - Change Database Version : DB.6.0.150
2026-05-25 23:21:53,563 [INFO] ServerAccessManage:452 - Complete download http(s) 200
2026-05-25 23:21:53,565 [INFO] ServerAccessManage:509 - Download File updaters.zip
2026-05-25 23:21:53,583 [INFO] McuFinderGlobals:63 - Set McuFinder mode to 2 (CubeIDE integrated)
2026-05-25 23:21:53,703 [INFO] UserAuth:487 - Internet connection configuration mode: 1
2026-05-25 23:21:53,943 [INFO] JxBrowserEngine:152 - Initiate JxBrowser Engine with user profile folder
2026-05-25 23:21:54,089 [INFO] FileExtend:248 - Unzip File : updaters.zip
2026-05-25 23:21:54,089 [INFO] FileExtend:263 - Standard Zip Deflate
2026-05-25 23:21:56,042 [INFO] ServerAccessManage:452 - Complete download http(s) 200
2026-05-25 23:21:56,042 [INFO] ServerAccessManage:509 - Download File PacksControlFlags.xml
2026-05-25 23:21:56,390 [INFO] ServerAccessManage:452 - Complete download http(s) 200
2026-05-25 23:21:56,391 [INFO] ServerAccessManage:509 - Download File cubemx.pidx
2026-05-25 23:21:57,306 [INFO] WebApp:169 - Instantiating new browser for Auth
2026-05-25 23:22:00,451 [INFO] ServerAccessManage:452 - Complete download http(s) 200
2026-05-25 23:22:00,452 [INFO] ServerAccessManage:509 - Download File STMicroelectronics.X-CUBE-ALGOBUILD.pdsc
2026-05-25 23:22:00,454 [INFO] WebApp:463 - Apply proxy settings
2026-05-25 23:22:00,455 [INFO] WebApp:548 - Chromium requires no authentication
2026-05-25 23:22:00,484 [INFO] WebApp:491 - Direct internet connection detected
2026-05-25 23:22:00,620 [INFO] WebApp:900 - Register for checkConnection events
2026-05-25 23:22:00,621 [INFO] WebApp:463 - Apply proxy settings
2026-05-25 23:22:00,621 [INFO] WebApp:548 - Chromium requires no authentication
2026-05-25 23:22:00,622 [INFO] WebApp:491 - Direct internet connection detected
2026-05-25 23:22:01,184 [INFO] WebApp:191 - Connection restablished
2026-05-25 23:22:01,552 [INFO] WebApp:225 - Starting web application
2026-05-25 23:22:01,553 [INFO] WebApp:593 - Web application path used D:\Program Files\STM32CubeIDE_1.19.0\STM32CubeIDE\plugins\com.st.stm32cube.common.mx_6.15.0.202507011659\db\plugins\mcufinder\reactClient1\index.html
2026-05-25 23:22:02,231 [INFO] UserAuth:487 - Internet connection configuration mode: 1
2026-05-25 23:22:03,912 [WARN] PackLoader:240 - Cannot read IP mode file for STMicroelectronics.X-CUBE-ALGOBUILD.1.5.0
2026-05-25 23:22:03,923 [INFO] PopulateThirdPartyThread:66 - Ending populate Thread
2026-05-25 23:22:03,927 [INFO] ThirdParty:1030 - CMSIS Pack Vendor :STMicroelectronics X-CUBE-ALGOBUILD 1.5.0
2026-05-25 23:22:03,927 [INFO] LoadServerUpdatesThread:375 - End of LoadServerUpdate Thread
2026-05-25 23:22:03,942 [INFO] CheckServerUpdateThread:120 - End of CheckServer Thread
2026-05-25 23:30:30,999 [ERROR] LogOutputStream:75 - [STDERR_REDIRECT] 
